Running simulation with: num_measurements=200, num_modules=40, lda1=8.0, lda2=0.2000, sparsity=0.02, gene_set_size=1000
Running repeat 1/1...
Matched genes for 1000 set: 906
Downsampled dataset saved to ./dataset/pmotorcortex/pmotorcortex_mouse/downsampled_1000genes_4026836_1741813371.h5ad
Train data shape: (5000, 906)
Validation data shape: (2500, 906)
Test data shape: (2500, 906)
Datasets saved in ./dataset/pmotorcortex/pmotorcortex_mouse with prefix 'downsampled_1000genes_4026836_1741813371'
Loaded dataset: downsampled_1000genes_4026836_1741813371
Train data shape: (906, 5000)
Validation data shape: (906, 2500)
Test data shape: (906, 2500)
0.14581459974657918 28.59003680651761 1.0 8.0 0.2
0.043709095005485255 56.271221298357524 1.0 8.0 0.2
0.04142403581965237 56.48060808399621 1.0 8.0 0.2
0.04027212361667598 56.40829572426257 1.0 8.0 0.2
0.03977319964363302 56.172047107215846 1.0 8.0 0.2
0.039619502693814534 56.224220283976436 1.0 8.0 0.2
0.039456193940951345 56.27857950584411 1.0 8.0 0.2
0.039349262775533744 56.27893263644914 1.0 8.0 0.2
0.039284881571250096 56.21002549641795 1.0 8.0 0.2
0.039248643865498534 56.152695744107405 1.0 8.0 0.2
0.03922920871854774 56.15302946187895 1.0 8.0 0.2
0.03921871171781488 56.15130962415628 1.0 8.0 0.2
0.039201760896914406 56.14709767505373 1.0 8.0 0.2
0.039186114293962016 56.128957547431334 1.0 8.0 0.2
0.039165043426224844 56.122036436367104 1.0 8.0 0.2
0.039152655863105124 56.09768696328109 1.0 8.0 0.2
0.03914247139007254 56.104475140041 1.0 8.0 0.2
0.039141010944568566 56.089221061870816 1.0 8.0 0.2
0.03914076668082189 56.088873122823244 1.0 8.0 0.2
0.039140738350048054 56.088735217252136 1.0 8.0 0.2
U dimensions = (906, 40)
Iteration 0 of 1
phi.shape: (200, 906)
U.shape: (906, 40)
phi.dot(U).T shape: (40, 200)

Cleaning up temporary files...
Deleted: ./dataset/pmotorcortex/pmotorcortex_mouse/downsampled_1000genes_4026836_1741813371.h5ad
Deleted: ./dataset/pmotorcortex/pmotorcortex_mouse/downsampled_1000genes_4026836_1741813371_train_data.npy
Deleted: ./dataset/pmotorcortex/pmotorcortex_mouse/downsampled_1000genes_4026836_1741813371_validate_data.npy
Deleted: ./dataset/pmotorcortex/pmotorcortex_mouse/downsampled_1000genes_4026836_1741813371_test_data.npy
Cleanup complete.

Simulation 1/1 score: 0.6463915355512369
Results saved: results/simulation/results_lda2.csv
Running simulation with: num_measurements=200, num_modules=40, lda1=8.0, lda2=0.4000, sparsity=0.02, gene_set_size=1000
Running repeat 1/1...
Matched genes for 1000 set: 906
Downsampled dataset saved to ./dataset/pmotorcortex/pmotorcortex_mouse/downsampled_1000genes_391179_1741813373.h5ad
Train data shape: (5000, 906)
Validation data shape: (2500, 906)
Test data shape: (2500, 906)
Datasets saved in ./dataset/pmotorcortex/pmotorcortex_mouse with prefix 'downsampled_1000genes_391179_1741813373'
Loaded dataset: downsampled_1000genes_391179_1741813373
Train data shape: (906, 5000)
Validation data shape: (906, 2500)
Test data shape: (906, 2500)
0.15103299961037153 23.433362585008133 1.0 8.0 0.4
0.05257630179395134 46.0066097470077 1.0 8.0 0.4
0.050311570267983274 46.42267648203657 1.0 8.0 0.4
0.04939314179668264 46.15460075336529 1.0 8.0 0.4
0.04897428966036366 45.97913863446546 1.0 8.0 0.4
0.0487980460534827 45.90868095300306 1.0 8.0 0.4
0.048679946584215816 45.89271009870474 1.0 8.0 0.4
0.04865005224713126 45.880498773224645 1.0 8.0 0.4
0.048628053368050206 45.879383665486344 1.0 8.0 0.4
0.04860528072870618 45.8865004079878 1.0 8.0 0.4
0.048591189624759945 45.89623252228233 1.0 8.0 0.4
0.04857728850872123 45.88860800450268 1.0 8.0 0.4
0.04854369260067515 45.88113698017114 1.0 8.0 0.4
0.04852709008444289 45.86657638384724 1.0 8.0 0.4
0.0485137908778005 45.85934948521401 1.0 8.0 0.4
0.04850072945857686 45.85860330353301 1.0 8.0 0.4
0.048486550760638125 45.850561310686956 1.0 8.0 0.4
0.04847481756158756 45.84529030936473 1.0 8.0 0.4
0.04846898796962462 45.84322176969582 1.0 8.0 0.4
0.04845822940472366 45.8747310330122 1.0 8.0 0.4
U dimensions = (906, 39)
Iteration 0 of 1
phi.shape: (200, 906)
U.shape: (906, 39)
phi.dot(U).T shape: (39, 200)

Cleaning up temporary files...
Deleted: ./dataset/pmotorcortex/pmotorcortex_mouse/downsampled_1000genes_391179_1741813373.h5ad
Deleted: ./dataset/pmotorcortex/pmotorcortex_mouse/downsampled_1000genes_391179_1741813373_train_data.npy
Deleted: ./dataset/pmotorcortex/pmotorcortex_mouse/downsampled_1000genes_391179_1741813373_validate_data.npy
Deleted: ./dataset/pmotorcortex/pmotorcortex_mouse/downsampled_1000genes_391179_1741813373_test_data.npy
Cleanup complete.

Simulation 1/1 score: 0.7038774873718708
Results saved: results/simulation/results_lda2.csv
Running simulation with: num_measurements=200, num_modules=40, lda1=8.0, lda2=0.3000, sparsity=0.02, gene_set_size=1000
Running repeat 1/1...
Matched genes for 1000 set: 906
Downsampled dataset saved to ./dataset/pmotorcortex/pmotorcortex_mouse/downsampled_1000genes_2639584_1741813371.h5ad
Train data shape: (5000, 906)
Validation data shape: (2500, 906)
Test data shape: (2500, 906)
Datasets saved in ./dataset/pmotorcortex/pmotorcortex_mouse with prefix 'downsampled_1000genes_2639584_1741813371'
Loaded dataset: downsampled_1000genes_2639584_1741813371
Train data shape: (906, 5000)
Validation data shape: (906, 2500)
Test data shape: (906, 2500)
0.1255982864441869 24.82289342947237 1.0 8.0 0.3
0.04381611044796563 49.73031545372937 1.0 8.0 0.3
0.04079497284842892 49.47030371898472 1.0 8.0 0.3
0.039809695288023805 49.08638276861094 1.0 8.0 0.3
0.039392412052875914 48.79043317341989 1.0 8.0 0.3
0.03902308820699796 48.224955957224054 1.0 8.0 0.3
0.03870590176515398 47.85475736622425 1.0 8.0 0.3
0.03853964299770196 47.70471032305666 1.0 8.0 0.3
0.038433414709140634 47.65502308083177 1.0 8.0 0.3
0.03834213696570288 47.635980530789766 1.0 8.0 0.3
0.03829641344654067 47.59090052233502 1.0 8.0 0.3
0.038281147709030905 47.54736574094206 1.0 8.0 0.3
0.0382665273752999 47.58449031175423 1.0 8.0 0.3
0.03826177393037822 47.57572222351976 1.0 8.0 0.3
0.0382597418935583 47.59102174188795 1.0 8.0 0.3
0.038258914107733744 47.58471734981657 1.0 8.0 0.3
0.038257941089474556 47.585172980641296 1.0 8.0 0.3
0.03825768526217854 47.585627592597525 1.0 8.0 0.3
0.038257495113373285 47.58523885336147 1.0 8.0 0.3
0.03825732060222953 47.58530401649742 1.0 8.0 0.3
U dimensions = (906, 39)
Iteration 0 of 1
phi.shape: (200, 906)
U.shape: (906, 39)
phi.dot(U).T shape: (39, 200)

Cleaning up temporary files...
Deleted: ./dataset/pmotorcortex/pmotorcortex_mouse/downsampled_1000genes_2639584_1741813371.h5ad
Deleted: ./dataset/pmotorcortex/pmotorcortex_mouse/downsampled_1000genes_2639584_1741813371_train_data.npy
Deleted: ./dataset/pmotorcortex/pmotorcortex_mouse/downsampled_1000genes_2639584_1741813371_validate_data.npy
Deleted: ./dataset/pmotorcortex/pmotorcortex_mouse/downsampled_1000genes_2639584_1741813371_test_data.npy
Cleanup complete.

Simulation 1/1 score: 0.6621912467381535
Results saved: results/simulation/results_lda2.csv
Running simulation with: num_measurements=200, num_modules=40, lda1=8.0, lda2=0.8000, sparsity=0.02, gene_set_size=1000
Running repeat 1/1...
Matched genes for 1000 set: 906
Downsampled dataset saved to ./dataset/pmotorcortex/pmotorcortex_mouse/downsampled_1000genes_391474_1741813504.h5ad
Train data shape: (5000, 906)
Validation data shape: (2500, 906)
Test data shape: (2500, 906)
Datasets saved in ./dataset/pmotorcortex/pmotorcortex_mouse with prefix 'downsampled_1000genes_391474_1741813504'
Loaded dataset: downsampled_1000genes_391474_1741813504
Train data shape: (906, 5000)
Validation data shape: (906, 2500)
Test data shape: (906, 2500)
0.14354330545332072 20.019799769674606 1.0 8.0 0.8
0.053810371941164004 36.9387662400955 1.0 8.0 0.8
0.05090175474577929 36.50037450655648 1.0 8.0 0.8
0.049999154051598604 36.17872980012665 1.0 8.0 0.8
0.0496367325257101 36.04270343050339 1.0 8.0 0.8
0.049334985645597795 36.109424671975695 1.0 8.0 0.8
0.04916952659900442 36.090932443648384 1.0 8.0 0.8
0.049010539841031764 36.08941816821736 1.0 8.0 0.8
0.04895120464362035 36.06342246436663 1.0 8.0 0.8
0.04892825578715687 35.644594421743605 1.0 8.0 0.8
0.04890915319112532 35.59889676276102 1.0 8.0 0.8
0.04889829663959855 35.605864145165974 1.0 8.0 0.8
0.04889025772189304 35.602734114756636 1.0 8.0 0.8
0.048887540128296214 35.60601325017153 1.0 8.0 0.8
0.04888686360162964 35.605422050590185 1.0 8.0 0.8
0.04888429144391282 35.60688388323856 1.0 8.0 0.8
0.04888274949310045 35.60005577389287 1.0 8.0 0.8
0.048881547486058 35.59740271420459 1.0 8.0 0.8
0.048877817922745814 35.60550834464891 1.0 8.0 0.8
0.04887522735942107 35.610611359392124 1.0 8.0 0.8
U dimensions = (906, 39)
Iteration 0 of 1
phi.shape: (200, 906)
U.shape: (906, 39)
phi.dot(U).T shape: (39, 200)

Cleaning up temporary files...
Deleted: ./dataset/pmotorcortex/pmotorcortex_mouse/downsampled_1000genes_391474_1741813504.h5ad
Deleted: ./dataset/pmotorcortex/pmotorcortex_mouse/downsampled_1000genes_391474_1741813504_train_data.npy
Deleted: ./dataset/pmotorcortex/pmotorcortex_mouse/downsampled_1000genes_391474_1741813504_validate_data.npy
Deleted: ./dataset/pmotorcortex/pmotorcortex_mouse/downsampled_1000genes_391474_1741813504_test_data.npy
Cleanup complete.

Simulation 1/1 score: 0.7613460980675948
Results saved: results/simulation/results_lda2.csv
Running simulation with: num_measurements=200, num_modules=40, lda1=8.0, lda2=0.6000, sparsity=0.02, gene_set_size=1000
Running repeat 1/1...
Matched genes for 1000 set: 906
Downsampled dataset saved to ./dataset/pmotorcortex/pmotorcortex_mouse/downsampled_1000genes_2639749_1741813507.h5ad
Train data shape: (5000, 906)
Validation data shape: (2500, 906)
Test data shape: (2500, 906)
Datasets saved in ./dataset/pmotorcortex/pmotorcortex_mouse with prefix 'downsampled_1000genes_2639749_1741813507'
Loaded dataset: downsampled_1000genes_2639749_1741813507
Train data shape: (906, 5000)
Validation data shape: (906, 2500)
Test data shape: (906, 2500)
0.15632274296972704 21.840834101790296 1.0 8.0 0.6
0.05367909862726694 41.75482357204893 1.0 8.0 0.6
0.05030985084308548 42.29437323962823 1.0 8.0 0.6
0.04885690212769589 41.931913977580955 1.0 8.0 0.6
0.048296507245607745 41.757785163344835 1.0 8.0 0.6
0.0480018124822057 41.15839106891278 1.0 8.0 0.6
0.04785972617990941 41.055512056281195 1.0 8.0 0.6
0.04775000916638028 41.09496063773933 1.0 8.0 0.6
0.047676284266993996 41.068342369408946 1.0 8.0 0.6
0.04764564006348404 41.058195004225254 1.0 8.0 0.6
0.047625447155172584 41.06514192701851 1.0 8.0 0.6
0.04761607877581164 41.081305930916095 1.0 8.0 0.6
0.04761012886127158 41.0785174416758 1.0 8.0 0.6
0.04760875539277265 41.07213152136266 1.0 8.0 0.6
0.04760543300197184 41.072666820092465 1.0 8.0 0.6
0.047600764612137914 41.074061967876986 1.0 8.0 0.6
0.04759709622636843 41.07037197710495 1.0 8.0 0.6
0.04759398450564711 41.07636153154748 1.0 8.0 0.6
0.0475916111928697 41.07447068287122 1.0 8.0 0.6
0.04758660628113742 41.07213304317643 1.0 8.0 0.6
U dimensions = (906, 40)
Iteration 0 of 1
phi.shape: (200, 906)
U.shape: (906, 40)
phi.dot(U).T shape: (40, 200)

Cleaning up temporary files...
Deleted: ./dataset/pmotorcortex/pmotorcortex_mouse/downsampled_1000genes_2639749_1741813507.h5ad
Deleted: ./dataset/pmotorcortex/pmotorcortex_mouse/downsampled_1000genes_2639749_1741813507_train_data.npy
Deleted: ./dataset/pmotorcortex/pmotorcortex_mouse/downsampled_1000genes_2639749_1741813507_validate_data.npy
Deleted: ./dataset/pmotorcortex/pmotorcortex_mouse/downsampled_1000genes_2639749_1741813507_test_data.npy
Cleanup complete.

Simulation 1/1 score: 0.6855835736232339
Results saved: results/simulation/results_lda2.csv
Running simulation with: num_measurements=200, num_modules=40, lda1=8.0, lda2=0.5000, sparsity=0.02, gene_set_size=1000
Running repeat 1/1...
Matched genes for 1000 set: 906
Downsampled dataset saved to ./dataset/pmotorcortex/pmotorcortex_mouse/downsampled_1000genes_4026977_1741813536.h5ad
Train data shape: (5000, 906)
Validation data shape: (2500, 906)
Test data shape: (2500, 906)
Datasets saved in ./dataset/pmotorcortex/pmotorcortex_mouse with prefix 'downsampled_1000genes_4026977_1741813536'
Loaded dataset: downsampled_1000genes_4026977_1741813536
Train data shape: (906, 5000)
Validation data shape: (906, 2500)
Test data shape: (906, 2500)
0.15777366048135355 22.325854249355086 1.0 8.0 0.5
0.053506373388527706 43.92490557513879 1.0 8.0 0.5
0.04941946194824276 43.17744408973759 1.0 8.0 0.5
0.048115359831972015 42.169080509819274 1.0 8.0 0.5
0.047571577692150036 42.01726808074709 1.0 8.0 0.5
0.04733521229213755 41.942813296945666 1.0 8.0 0.5
0.04723904454181482 41.936355625549346 1.0 8.0 0.5
0.04718493672462498 41.91622157129895 1.0 8.0 0.5
0.0471263558118179 41.913792488251815 1.0 8.0 0.5
0.047060206012710326 41.919872739044116 1.0 8.0 0.5
0.047004303915962 41.905473798712684 1.0 8.0 0.5
0.04695798562104192 41.896183703698895 1.0 8.0 0.5
0.04690849901897354 41.8550682975222 1.0 8.0 0.5
0.046811453785023494 41.82509314743946 1.0 8.0 0.5
0.0464210566468799 41.76003414118445 1.0 8.0 0.5
0.04634603933402082 41.69896220096386 1.0 8.0 0.5
0.04632787907775593 41.70396667759947 1.0 8.0 0.5
0.046297425743991316 41.70655191678416 1.0 8.0 0.5
0.04625380962872683 41.70909717498866 1.0 8.0 0.5
0.04621126443144585 41.70672008789318 1.0 8.0 0.5
U dimensions = (906, 40)
Iteration 0 of 1
phi.shape: (200, 906)
U.shape: (906, 40)
phi.dot(U).T shape: (40, 200)

Cleaning up temporary files...
Deleted: ./dataset/pmotorcortex/pmotorcortex_mouse/downsampled_1000genes_4026977_1741813536.h5ad
Deleted: ./dataset/pmotorcortex/pmotorcortex_mouse/downsampled_1000genes_4026977_1741813536_train_data.npy
Deleted: ./dataset/pmotorcortex/pmotorcortex_mouse/downsampled_1000genes_4026977_1741813536_validate_data.npy
Deleted: ./dataset/pmotorcortex/pmotorcortex_mouse/downsampled_1000genes_4026977_1741813536_test_data.npy
Cleanup complete.

Simulation 1/1 score: 0.701518690804992
Results saved: results/simulation/results_lda2.csv
Running simulation with: num_measurements=200, num_modules=40, lda1=8.0, lda2=1.5000, sparsity=0.02, gene_set_size=1000
Running repeat 1/1...
Matched genes for 1000 set: 906
Downsampled dataset saved to ./dataset/pmotorcortex/pmotorcortex_mouse/downsampled_1000genes_4027276_1741813676.h5ad
Train data shape: (5000, 906)
Validation data shape: (2500, 906)
Test data shape: (2500, 906)
Datasets saved in ./dataset/pmotorcortex/pmotorcortex_mouse with prefix 'downsampled_1000genes_4027276_1741813676'
Loaded dataset: downsampled_1000genes_4027276_1741813676
Train data shape: (906, 5000)
Validation data shape: (906, 2500)
Test data shape: (906, 2500)
0.1623960208844324 15.596959021296453 1.0 8.0 1.5
0.057353821497514224 31.274494372607204 1.0 8.0 1.5
0.05393548640034318 31.20411950142418 1.0 8.0 1.5
0.05273573940412113 31.227312433653605 1.0 8.0 1.5
0.051989142738155913 30.9447091033776 1.0 8.0 1.5
0.0516767856005268 30.81185898643995 1.0 8.0 1.5
0.051521426151327265 30.76366848092345 1.0 8.0 1.5
0.051424666842218913 30.620359053084634 1.0 8.0 1.5
0.051344918795051875 30.54700004651512 1.0 8.0 1.5
0.051255158771300935 30.528829186980126 1.0 8.0 1.5
0.051177937423610986 30.556879499941864 1.0 8.0 1.5
0.051120901862264034 30.56829795068419 1.0 8.0 1.5
0.05106111546185321 30.5949652702271 1.0 8.0 1.5
0.0510320146796035 30.583118770024896 1.0 8.0 1.5
0.05098984320344058 30.587208376024705 1.0 8.0 1.5
0.05095891370891037 30.585704499692223 1.0 8.0 1.5
0.05090596364862954 30.5926855800564 1.0 8.0 1.5
0.050888044864576765 30.58139286958859 1.0 8.0 1.5
0.05086237236960589 30.58279905358388 1.0 8.0 1.5
0.05082875575191548 30.572867845460905 1.0 8.0 1.5
U dimensions = (906, 40)
Iteration 0 of 1
phi.shape: (200, 906)
U.shape: (906, 40)
phi.dot(U).T shape: (40, 200)

Cleaning up temporary files...
Deleted: ./dataset/pmotorcortex/pmotorcortex_mouse/downsampled_1000genes_4027276_1741813676.h5ad
Deleted: ./dataset/pmotorcortex/pmotorcortex_mouse/downsampled_1000genes_4027276_1741813676_train_data.npy
Deleted: ./dataset/pmotorcortex/pmotorcortex_mouse/downsampled_1000genes_4027276_1741813676_validate_data.npy
Deleted: ./dataset/pmotorcortex/pmotorcortex_mouse/downsampled_1000genes_4027276_1741813676_test_data.npy
Cleanup complete.

Simulation 1/1 score: 0.7997383946099169
Results saved: results/simulation/results_lda2.csv
 simulation with: num_measurements=200, num_modules=40, lda1=8.0, lda2=1.0000, sparsity=0.02, gene_set_size=1000
Running repeat 1/1...
Matched genes for 1000 set: 906
Downsampled dataset saved to ./dataset/pmotorcortex/pmotorcortex_mouse/downsampled_1000genes_2640023_1741813678.h5ad
Train data shape: (5000, 906)
Validation data shape: (2500, 906)
Test data shape: (2500, 906)
Datasets saved in ./dataset/pmotorcortex/pmotorcortex_mouse with prefix 'downsampled_1000genes_2640023_1741813678'
Loaded dataset: downsampled_1000genes_2640023_1741813678
Train data shape: (906, 5000)
Validation data shape: (906, 2500)
Test data shape: (906, 2500)
0.15709741314678183 16.968287785854805 1.0 8.0 1.0
0.05877134580473331 36.510404717235645 1.0 8.0 1.0
0.05498748416808463 35.60585231976909 1.0 8.0 1.0
0.052514560454262726 35.39184294200684 1.0 8.0 1.0
0.051354301383231604 35.39331159182114 1.0 8.0 1.0
0.05075690283080425 35.49103868848404 1.0 8.0 1.0
0.05037828205364325 35.55376336120257 1.0 8.0 1.0
0.050134565098232775 35.595596071087165 1.0 8.0 1.0
0.049925889501770127 35.664362365648444 1.0 8.0 1.0
0.04977346666325466 35.677091938438345 1.0 8.0 1.0
0.049551924989990614 35.676934278835446 1.0 8.0 1.0
0.04943492762669088 35.753774979067614 1.0 8.0 1.0
0.049391758144456954 35.688961423603445 1.0 8.0 1.0
0.04937100449481613 35.68980674704663 1.0 8.0 1.0
0.049361496160928886 35.69085639837446 1.0 8.0 1.0
0.04935752207140798 35.68692047805157 1.0 8.0 1.0
0.04935410334493051 35.68420818991474 1.0 8.0 1.0
0.04934556138423207 35.67623445999173 1.0 8.0 1.0
0.04933187369237724 35.66819833737898 1.0 8.0 1.0
0.04932120749803026 35.66140490340768 1.0 8.0 1.0
U dimensions = (906, 40)
Iteration 0 of 1
phi.shape: (200, 906)
U.shape: (906, 40)
phi.dot(U).T shape: (40, 200)

Cleaning up temporary files...
Deleted: ./dataset/pmotorcortex/pmotorcortex_mouse/downsampled_1000genes_2640023_1741813678.h5ad
Deleted: ./dataset/pmotorcortex/pmotorcortex_mouse/downsampled_1000genes_2640023_1741813678_train_data.npy
Deleted: ./dataset/pmotorcortex/pmotorcortex_mouse/downsampled_1000genes_2640023_1741813678_validate_data.npy
Deleted: ./dataset/pmotorcortex/pmotorcortex_mouse/downsampled_1000genes_2640023_1741813678_test_data.npy
Cleanup complete.

Simulation 1/1 score: 0.7483737009005778
Results saved: results/simulation/results_lda2.csv
Running simulation with: num_measurements=200, num_modules=40, lda1=8.0, lda2=3.2000, sparsity=0.02, gene_set_size=1000
Running repeat 1/1...
Matched genes for 1000 set: 906
Downsampled dataset saved to ./dataset/pmotorcortex/pmotorcortex_mouse/downsampled_1000genes_2640225_1741813861.h5ad
Train data shape: (5000, 906)
Validation data shape: (2500, 906)
Test data shape: (2500, 906)
Datasets saved in ./dataset/pmotorcortex/pmotorcortex_mouse with prefix 'downsampled_1000genes_2640225_1741813861'
Loaded dataset: downsampled_1000genes_2640225_1741813861
Train data shape: (906, 5000)
Validation data shape: (906, 2500)
Test data shape: (906, 2500)
0.1401671283267404 8.831100240684615 1.0 8.0 3.2
0.05500574518672374 22.67348893023688 1.0 8.0 3.2
0.05314167053301844 21.061416883527265 1.0 8.0 3.2
0.05265033944648079 20.46708272509779 1.0 8.0 3.2
0.05241975317785774 19.996854998939437 1.0 8.0 3.2
0.0523000644630881 19.92855035373612 1.0 8.0 3.2
0.052247508039172996 19.95770209736157 1.0 8.0 3.2
0.05220755066750726 19.938618891017445 1.0 8.0 3.2
0.05221395060973777 19.911179990622465 1.0 8.0 3.2
0.05215898936765029 19.93874601350069 1.0 8.0 3.2
0.05211293595629385 19.929811100771314 1.0 8.0 3.2
0.05211217720156336 19.916573477649955 1.0 8.0 3.2
0.05211769121067422 19.91472682048731 1.0 8.0 3.2
0.052122649714379965 19.91123660601294 1.0 8.0 3.2
0.05212613688177237 19.90719002761835 1.0 8.0 3.2
0.052126917065611345 19.90414063705676 1.0 8.0 3.2
0.05212615939138543 19.904179245239686 1.0 8.0 3.2
0.05212572362809231 19.905089347760224 1.0 8.0 3.2
0.052125701771984834 19.90513018326531 1.0 8.0 3.2
0.05212570179177134 19.905130147477553 1.0 8.0 3.2
U dimensions = (906, 40)
Iteration 0 of 1
phi.shape: (200, 906)
U.shape: (906, 40)
phi.dot(U).T shape: (40, 200)

Cleaning up temporary files...
Deleted: ./dataset/pmotorcortex/pmotorcortex_mouse/downsampled_1000genes_2640225_1741813861.h5ad
Deleted: ./dataset/pmotorcortex/pmotorcortex_mouse/downsampled_1000genes_2640225_1741813861_train_data.npy
Deleted: ./dataset/pmotorcortex/pmotorcortex_mouse/downsampled_1000genes_2640225_1741813861_validate_data.npy
Deleted: ./dataset/pmotorcortex/pmotorcortex_mouse/downsampled_1000genes_2640225_1741813861_test_data.npy
Cleanup complete.

Simulation 1/1 score: 0.8231057842533325
Results saved: results/simulation/results_lda2.csv
Running simulation with: num_measurements=200, num_modules=40, lda1=8.0, lda2=2.5000, sparsity=0.02, gene_set_size=1000
Running repeat 1/1...
Matched genes for 1000 set: 906
Downsampled dataset saved to ./dataset/pmotorcortex/pmotorcortex_mouse/downsampled_1000genes_391939_1741813862.h5ad
Train data shape: (5000, 906)
Validation data shape: (2500, 906)
Test data shape: (2500, 906)
Datasets saved in ./dataset/pmotorcortex/pmotorcortex_mouse with prefix 'downsampled_1000genes_391939_1741813862'
Loaded dataset: downsampled_1000genes_391939_1741813862
Train data shape: (906, 5000)
Validation data shape: (906, 2500)
Test data shape: (906, 2500)
0.15569079121954754 9.45419717037322 1.0 8.0 2.5
0.06464350957937626 23.086325966110522 1.0 8.0 2.5
0.06116545727463962 23.21271793497784 1.0 8.0 2.5
0.059526832012583686 23.14228022350919 1.0 8.0 2.5
0.05868425046615444 23.095822135353604 1.0 8.0 2.5
0.058187363067903175 22.96006287643188 1.0 8.0 2.5
0.057967459330714455 22.707268397023128 1.0 8.0 2.5
0.05790146064273993 22.409779942279098 1.0 8.0 2.5
0.057875474063551646 22.37564177584644 1.0 8.0 2.5
0.057871113225142934 22.35184721476446 1.0 8.0 2.5
0.057841796606043494 22.34862765762032 1.0 8.0 2.5
0.05779168505772836 22.33975548350264 1.0 8.0 2.5
0.057721001120785154 22.34044968016069 1.0 8.0 2.5
0.05761824064784804 22.32073584851453 1.0 8.0 2.5
0.057509513853367444 22.242259992006947 1.0 8.0 2.5
0.05746294245357697 22.182731694366797 1.0 8.0 2.5
0.057468376039416014 22.1615186068421 1.0 8.0 2.5
0.05746685623630143 22.162927408285224 1.0 8.0 2.5
0.05747137172314065 22.157266832587045 1.0 8.0 2.5
0.057472033070083084 22.158246878457103 1.0 8.0 2.5
U dimensions = (906, 38)
Iteration 0 of 1
phi.shape: (200, 906)
U.shape: (906, 38)
phi.dot(U).T shape: (38, 200)

Cleaning up temporary files...
Deleted: ./dataset/pmotorcortex/pmotorcortex_mouse/downsampled_1000genes_391939_1741813862.h5ad
Deleted: ./dataset/pmotorcortex/pmotorcortex_mouse/downsampled_1000genes_391939_1741813862_train_data.npy
Deleted: ./dataset/pmotorcortex/pmotorcortex_mouse/downsampled_1000genes_391939_1741813862_validate_data.npy
Deleted: ./dataset/pmotorcortex/pmotorcortex_mouse/downsampled_1000genes_391939_1741813862_test_data.npy
Cleanup complete.

Simulation 1/1 score: 0.7923875171676258
Results saved: results/simulation/results_lda2.csv
Running simulation with: num_measurements=200, num_modules=40, lda1=8.0, lda2=2.0000, sparsity=0.02, gene_set_size=1000
Running repeat 1/1...
Matched genes for 1000 set: 906
Downsampled dataset saved to ./dataset/pmotorcortex/pmotorcortex_mouse/downsampled_1000genes_4027588_1741813861.h5ad
Train data shape: (5000, 906)
Validation data shape: (2500, 906)
Test data shape: (2500, 906)
Datasets saved in ./dataset/pmotorcortex/pmotorcortex_mouse with prefix 'downsampled_1000genes_4027588_1741813861'
Loaded dataset: downsampled_1000genes_4027588_1741813861
Train data shape: (906, 5000)
Validation data shape: (906, 2500)
Test data shape: (906, 2500)
0.1086195556938413 10.004293360940585 1.0 8.0 2.0
0.041580347326950595 24.398385012246724 1.0 8.0 2.0
0.03923762738270431 24.60510701359766 1.0 8.0 2.0
0.03822539735588726 24.397279867131992 1.0 8.0 2.0
0.037673300567701684 24.196050326718908 1.0 8.0 2.0
0.03734685094889578 23.800535450499236 1.0 8.0 2.0
0.03709529899758157 23.43733157640545 1.0 8.0 2.0
0.03695323629397185 23.1404451997242 1.0 8.0 2.0
0.03683526361427791 23.117724088375475 1.0 8.0 2.0
0.03682135691090371 23.033627807223887 1.0 8.0 2.0
0.036809319328429124 23.0823543287287 1.0 8.0 2.0
0.036794347460123666 23.074063905461546 1.0 8.0 2.0
0.03679577294023306 23.048565000447404 1.0 8.0 2.0
0.0367859676049227 22.880166249710506 1.0 8.0 2.0
0.03677299005183576 22.8918400737391 1.0 8.0 2.0
0.03676244230464276 22.89658163854746 1.0 8.0 2.0
0.03674836478455079 22.872838257332806 1.0 8.0 2.0
0.03673978286795587 22.892474842732884 1.0 8.0 2.0
0.036726210544307136 22.899574297418127 1.0 8.0 2.0
0.036713869029003976 22.91117963093035 1.0 8.0 2.0
U dimensions = (906, 39)
Iteration 0 of 1
phi.shape: (200, 906)
U.shape: (906, 39)
phi.dot(U).T shape: (39, 200)

Cleaning up temporary files...
Deleted: ./dataset/pmotorcortex/pmotorcortex_mouse/downsampled_1000genes_4027588_1741813861.h5ad
Deleted: ./dataset/pmotorcortex/pmotorcortex_mouse/downsampled_1000genes_4027588_1741813861_train_data.npy
Deleted: ./dataset/pmotorcortex/pmotorcortex_mouse/downsampled_1000genes_4027588_1741813861_validate_data.npy
Deleted: ./dataset/pmotorcortex/pmotorcortex_mouse/downsampled_1000genes_4027588_1741813861_test_data.npy
Cleanup complete.

Simulation 1/1 score: 0.835013545804709
Results saved: results/simulation/results_lda2.csv
Running simulation with: num_measurements=200, num_modules=40, lda1=8.0, lda2=6.5000, sparsity=0.02, gene_set_size=1000
Running repeat 1/1...
Matched genes for 1000 set: 906
Downsampled dataset saved to ./dataset/pmotorcortex/pmotorcortex_mouse/downsampled_1000genes_4027728_1741814037.h5ad
Train data shape: (5000, 906)
Validation data shape: (2500, 906)
Test data shape: (2500, 906)
Datasets saved in ./dataset/pmotorcortex/pmotorcortex_mouse with prefix 'downsampled_1000genes_4027728_1741814037'
Loaded dataset: downsampled_1000genes_4027728_1741814037
Train data shape: (906, 5000)
Validation data shape: (906, 2500)
Test data shape: (906, 2500)
0.1502249033087365 5.785795290340248 1.0 8.0 6.5
0.07207457272655837 13.47169388842145 1.0 8.0 6.5
0.07062280647038799 12.771122689216584 1.0 8.0 6.5
0.07032926007475027 12.619636936139948 1.0 8.0 6.5
0.07020322178596539 12.720189191813539 1.0 8.0 6.5
0.07010300635587319 12.799181438181485 1.0 8.0 6.5
0.07004304749473378 12.789584755462986 1.0 8.0 6.5
0.06987785983745265 12.811116556933609 1.0 8.0 6.5
0.06975673645932234 12.81473849414198 1.0 8.0 6.5
0.06956448530488024 12.897981819472339 1.0 8.0 6.5
0.06941859153346752 12.914335887150122 1.0 8.0 6.5
0.06923448032636692 12.888586317992328 1.0 8.0 6.5
0.06906946054993124 12.851383492185285 1.0 8.0 6.5
0.06899171240153978 12.795019802455169 1.0 8.0 6.5
0.06895848157595152 12.811699815880871 1.0 8.0 6.5
0.06893121057599894 12.833532229054537 1.0 8.0 6.5
0.06889258541837706 12.799934189149209 1.0 8.0 6.5
0.06888947169084769 12.704292796171787 1.0 8.0 6.5
0.06884504942853409 12.75969648092479 1.0 8.0 6.5
0.06874431580143048 12.790443409506688 1.0 8.0 6.5
U dimensions = (906, 36)
Iteration 0 of 1
phi.shape: (200, 906)
U.shape: (906, 36)
phi.dot(U).T shape: (36, 200)

Cleaning up temporary files...
Deleted: ./dataset/pmotorcortex/pmotorcortex_mouse/downsampled_1000genes_4027728_1741814037.h5ad
Deleted: ./dataset/pmotorcortex/pmotorcortex_mouse/downsampled_1000genes_4027728_1741814037_train_data.npy
Deleted: ./dataset/pmotorcortex/pmotorcortex_mouse/downsampled_1000genes_4027728_1741814037_validate_data.npy
Deleted: ./dataset/pmotorcortex/pmotorcortex_mouse/downsampled_1000genes_4027728_1741814037_test_data.npy
Cleanup complete.

Simulation 1/1 score: 0.8512765879280938
Results saved: results/simulation/results_lda2.csv
mulation with: num_measurements=200, num_modules=40, lda1=8.0, lda2=5.0000, sparsity=0.02, gene_set_size=1000
Running repeat 1/1...
Matched genes for 1000 set: 906
Downsampled dataset saved to ./dataset/pmotorcortex/pmotorcortex_mouse/downsampled_1000genes_2640489_1741814038.h5ad
Train data shape: (5000, 906)
Validation data shape: (2500, 906)
Test data shape: (2500, 906)
Datasets saved in ./dataset/pmotorcortex/pmotorcortex_mouse with prefix 'downsampled_1000genes_2640489_1741814038'
Loaded dataset: downsampled_1000genes_2640489_1741814038
Train data shape: (906, 5000)
Validation data shape: (906, 2500)
Test data shape: (906, 2500)
0.155318078954775 7.552768390286496 1.0 8.0 5.0
0.07482930871453641 17.60908830489799 1.0 8.0 5.0
0.07233656574163494 16.805417883732996 1.0 8.0 5.0
0.07076427908707328 16.684593946075708 1.0 8.0 5.0
0.06986468370009413 16.73986511691313 1.0 8.0 5.0
0.06941069566622726 16.56303117662468 1.0 8.0 5.0
0.06911040511480693 16.507372948675602 1.0 8.0 5.0
0.06886667101653965 16.484809188917723 1.0 8.0 5.0
0.06875038183473803 16.468298610119298 1.0 8.0 5.0
0.06872431912107646 16.422086322379926 1.0 8.0 5.0
0.06874261494589273 16.39140952360507 1.0 8.0 5.0
0.06878800156671983 16.353795061791807 1.0 8.0 5.0
0.06883145322734296 16.283406807820025 1.0 8.0 5.0
0.0688891790680084 16.249980370524256 1.0 8.0 5.0
0.06891256077135399 16.23855059029803 1.0 8.0 5.0
0.06892148863213354 16.234012609010172 1.0 8.0 5.0
0.06892501078828395 16.23320343380334 1.0 8.0 5.0
0.06894798891179177 16.219192990736346 1.0 8.0 5.0
0.06895228763627825 16.22204091729391 1.0 8.0 5.0
0.06895044419138896 16.222556716771926 1.0 8.0 5.0
U dimensions = (906, 39)
Iteration 0 of 1
phi.shape: (200, 906)
U.shape: (906, 39)
phi.dot(U).T shape: (39, 200)

Cleaning up temporary files...
Deleted: ./dataset/pmotorcortex/pmotorcortex_mouse/downsampled_1000genes_2640489_1741814038.h5ad
Deleted: ./dataset/pmotorcortex/pmotorcortex_mouse/downsampled_1000genes_2640489_1741814038_train_data.npy
Deleted: ./dataset/pmotorcortex/pmotorcortex_mouse/downsampled_1000genes_2640489_1741814038_validate_data.npy
Deleted: ./dataset/pmotorcortex/pmotorcortex_mouse/downsampled_1000genes_2640489_1741814038_test_data.npy
Cleanup complete.

Simulation 1/1 score: 0.8378075180245429
Results saved: results/simulation/results_lda2.csv
Running simulation with: num_measurements=200, num_modules=40, lda1=8.0, lda2=12.5000, sparsity=0.02, gene_set_size=1000
Running repeat 1/1...
Matched genes for 1000 set: 906
Downsampled dataset saved to ./dataset/pmotorcortex/pmotorcortex_mouse/downsampled_1000genes_392378_1741814216.h5ad
Train data shape: (5000, 906)
Validation data shape: (2500, 906)
Test data shape: (2500, 906)
Datasets saved in ./dataset/pmotorcortex/pmotorcortex_mouse with prefix 'downsampled_1000genes_392378_1741814216'
Loaded dataset: downsampled_1000genes_392378_1741814216
Train data shape: (906, 5000)
Validation data shape: (906, 2500)
Test data shape: (906, 2500)
0.17411409172994574 4.837417420510207 nan 8.0 12.5
0.10280493412394376 9.218541235110727 nan 8.0 12.5
0.1002885563251461 9.340406197777881 nan 8.0 12.5
0.09871306513767353 8.986535712281146 nan 8.0 12.5
0.09794834148684284 8.74520235757516 nan 8.0 12.5
0.09779998019369895 8.677601022143376 nan 8.0 12.5
0.0977509920502374 8.61028648395455 nan 8.0 12.5
0.09776664274226055 8.393743342102464 nan 8.0 12.5
0.09783682873354593 8.216118265201766 nan 8.0 12.5
0.09782644836441967 8.153840608694228 nan 8.0 12.5
0.09793469222558182 8.131117393351136 nan 8.0 12.5
0.09794966482259959 8.110003989504978 nan 8.0 12.5
0.09781546956583809 8.123085542652738 nan 8.0 12.5
0.09774117078461164 8.11604232755946 nan 8.0 12.5
0.09772271094387752 8.12463426554729 nan 8.0 12.5
0.09775790258797445 8.112693801747032 nan 8.0 12.5
0.09788282886957278 8.098542508565082 nan 8.0 12.5
0.09798044836900688 8.099060109611141 nan 8.0 12.5
0.09797212463839933 8.100063493879336 nan 8.0 12.5
0.09796403512463125 8.111281782833878 nan 8.0 12.5
U dimensions = (906, 32)
Iteration 0 of 1
phi.shape: (200, 906)
U.shape: (906, 32)
phi.dot(U).T shape: (32, 200)

Cleaning up temporary files...
Deleted: ./dataset/pmotorcortex/pmotorcortex_mouse/downsampled_1000genes_392378_1741814216.h5ad
Deleted: ./dataset/pmotorcortex/pmotorcortex_mouse/downsampled_1000genes_392378_1741814216_train_data.npy
Deleted: ./dataset/pmotorcortex/pmotorcortex_mouse/downsampled_1000genes_392378_1741814216_validate_data.npy
Deleted: ./dataset/pmotorcortex/pmotorcortex_mouse/downsampled_1000genes_392378_1741814216_test_data.npy
Cleanup complete.

Simulation 1/1 score: 0.8942474550373444
Results saved: results/simulation/results_lda2.csv
Running simulation with: num_measurements=200, num_modules=40, lda1=8.0, lda2=10.0000, sparsity=0.02, gene_set_size=1000
Running repeat 1/1...
Matched genes for 1000 set: 906
Downsampled dataset saved to ./dataset/pmotorcortex/pmotorcortex_mouse/downsampled_1000genes_2640784_1741814216.h5ad
Train data shape: (5000, 906)
Validation data shape: (2500, 906)
Test data shape: (2500, 906)
Datasets saved in ./dataset/pmotorcortex/pmotorcortex_mouse with prefix 'downsampled_1000genes_2640784_1741814216'
Loaded dataset: downsampled_1000genes_2640784_1741814216
Train data shape: (906, 5000)
Validation data shape: (906, 2500)
Test data shape: (906, 2500)
0.18012884940088136 5.248208544867468 1.0 8.0 10.0
0.0877232182996116 11.403072522586356 1.0 8.0 10.0
0.0879727952479944 10.5188996742491 1.0 8.0 10.0
0.08831551353830402 10.012753234269116 1.0 8.0 10.0
0.088409659913681 9.688065805151293 1.0 8.0 10.0
0.088541829287752 9.566218538505845 1.0 8.0 10.0
0.08864950368178082 9.415459493303626 1.0 8.0 10.0
0.08867457910661891 9.370982957453268 1.0 8.0 10.0
0.08873316647607499 9.37052793825349 1.0 8.0 10.0
0.08880909933141545 9.36117030589866 1.0 8.0 10.0
0.08892157393752209 9.334348259145935 1.0 8.0 10.0
0.08893443841014936 9.316868875899697 1.0 8.0 10.0
0.08897993260626003 9.30108226304552 1.0 8.0 10.0
0.08899100023838713 9.31881487406602 1.0 8.0 10.0
0.08900002322899736 9.327050464005922 1.0 8.0 10.0
0.08901568313340014 9.323270597402452 1.0 8.0 10.0
0.08901782883440423 9.323132838585467 1.0 8.0 10.0
0.08901784515290201 9.323098110780553 1.0 8.0 10.0
0.08901784649988631 9.32310310899064 1.0 8.0 10.0
0.08901784624513298 9.323102254183459 1.0 8.0 10.0
U dimensions = (906, 38)
Iteration 0 of 1
phi.shape: (200, 906)
U.shape: (906, 38)
phi.dot(U).T shape: (38, 200)

Cleaning up temporary files...
Deleted: ./dataset/pmotorcortex/pmotorcortex_mouse/downsampled_1000genes_2640784_1741814216.h5ad
Deleted: ./dataset/pmotorcortex/pmotorcortex_mouse/downsampled_1000genes_2640784_1741814216_train_data.npy
Deleted: ./dataset/pmotorcortex/pmotorcortex_mouse/downsampled_1000genes_2640784_1741814216_validate_data.npy
Deleted: ./dataset/pmotorcortex/pmotorcortex_mouse/downsampled_1000genes_2640784_1741814216_test_data.npy
Cleanup complete.

Simulation 1/1 score: 0.004757681780420487
Results saved: results/simulation/results_lda2.csv
Running simulation with: num_measurements=200, num_modules=40, lda1=8.0, lda2=8.0000, sparsity=0.02, gene_set_size=1000
Running repeat 1/1...
Matched genes for 1000 set: 906
Downsampled dataset saved to ./dataset/pmotorcortex/pmotorcortex_mouse/downsampled_1000genes_4028032_1741814219.h5ad
Train data shape: (5000, 906)
Validation data shape: (2500, 906)
Test data shape: (2500, 906)
Datasets saved in ./dataset/pmotorcortex/pmotorcortex_mouse with prefix 'downsampled_1000genes_4028032_1741814219'
Loaded dataset: downsampled_1000genes_4028032_1741814219
Train data shape: (906, 5000)
Validation data shape: (906, 2500)
Test data shape: (906, 2500)
0.17487867204601149 6.42255915432043 nan 8.0 8.0
0.08411296508840393 11.657982912909308 nan 8.0 8.0
0.08275878520233726 11.550703041405281 nan 8.0 8.0
0.082497818987471 11.62723828966936 nan 8.0 8.0
0.08219596866418954 11.573758246914814 nan 8.0 8.0
0.08179522679990203 11.456278845871003 nan 8.0 8.0
0.08119981289825418 11.435306909430594 nan 8.0 8.0
0.08090518472913266 11.384498724728523 nan 8.0 8.0
0.08077886928093791 11.407854808626078 nan 8.0 8.0
0.08067090395696297 11.434316046998637 nan 8.0 8.0
0.08055110535013765 11.440733928155314 nan 8.0 8.0
0.08051602400666569 11.420482676013993 nan 8.0 8.0
0.08046904522337683 11.417421343114567 nan 8.0 8.0
0.08042966972960264 11.419954322359962 nan 8.0 8.0
0.08035622504788198 11.339604099430822 nan 8.0 8.0
0.08034729009297104 11.32034349563375 nan 8.0 8.0
0.08033025351738965 11.321502997664942 nan 8.0 8.0
0.08029230580451774 11.326670787279259 nan 8.0 8.0
0.08026204505124401 11.32923106256097 nan 8.0 8.0
0.08023832266843844 11.399276342239125 nan 8.0 8.0
U dimensions = (906, 37)
Iteration 0 of 1
phi.shape: (200, 906)
U.shape: (906, 37)
phi.dot(U).T shape: (37, 200)

Cleaning up temporary files...
Deleted: ./dataset/pmotorcortex/pmotorcortex_mouse/downsampled_1000genes_4028032_1741814219.h5ad
Deleted: ./dataset/pmotorcortex/pmotorcortex_mouse/downsampled_1000genes_4028032_1741814219_train_data.npy
Deleted: ./dataset/pmotorcortex/pmotorcortex_mouse/downsampled_1000genes_4028032_1741814219_validate_data.npy
Deleted: ./dataset/pmotorcortex/pmotorcortex_mouse/downsampled_1000genes_4028032_1741814219_test_data.npy
Cleanup complete.

Simulation 1/1 score: 0.8752841059645817
Results saved: results/simulation/results_lda2.csv
Running simulation with: num_measurements=200, num_modules=40, lda1=8.0, lda2=14.0000, sparsity=0.02, gene_set_size=1000
Running repeat 1/1...
Matched genes for 1000 set: 906
Downsampled dataset saved to ./dataset/pmotorcortex/pmotorcortex_mouse/downsampled_1000genes_4028181_1741814409.h5ad
Train data shape: (5000, 906)
Validation data shape: (2500, 906)
Test data shape: (2500, 906)
Datasets saved in ./dataset/pmotorcortex/pmotorcortex_mouse with prefix 'downsampled_1000genes_4028181_1741814409'
Loaded dataset: downsampled_1000genes_4028181_1741814409
Train data shape: (906, 5000)
Validation data shape: (906, 2500)
Test data shape: (906, 2500)
0.20706341904947811 4.735576076712694 1.0 8.0 14.0
0.10050853764503942 9.654404263138325 1.0 8.0 14.0
0.10071974037577858 8.766790654327064 1.0 8.0 14.0
0.100545964415381 8.392465115528706 1.0 8.0 14.0
0.10064064090003977 8.153393273408309 1.0 8.0 14.0
0.10087672864749031 7.977632325793687 1.0 8.0 14.0
0.10119796222609401 7.813605499029122 1.0 8.0 14.0
0.10156382383763918 7.683877221662965 1.0 8.0 14.0
0.10206372065666347 7.630709725263895 1.0 8.0 14.0
0.10266829907497876 7.558124585544226 1.0 8.0 14.0
0.10325951743271111 7.461943715930976 1.0 8.0 14.0
0.10392014624925394 7.484450429029498 1.0 8.0 14.0
0.10424908023090229 7.512370418889308 1.0 8.0 14.0
0.10428189704346624 7.563748555258459 1.0 8.0 14.0
0.10442040713796163 7.536391880073934 1.0 8.0 14.0
0.10443459609970085 7.479880711593546 1.0 8.0 14.0
0.10453600354338222 7.4557670108383975 1.0 8.0 14.0
0.10451090286061981 7.439082381405858 1.0 8.0 14.0
0.10450496637427997 7.4359419952129295 1.0 8.0 14.0
0.10450022707084095 7.428343160383867 1.0 8.0 14.0
U dimensions = (906, 35)
Iteration 0 of 1
phi.shape: (200, 906)
U.shape: (906, 35)
phi.dot(U).T shape: (35, 200)

Cleaning up temporary files...
Deleted: ./dataset/pmotorcortex/pmotorcortex_mouse/downsampled_1000genes_4028181_1741814409.h5ad
Deleted: ./dataset/pmotorcortex/pmotorcortex_mouse/downsampled_1000genes_4028181_1741814409_train_data.npy
Deleted: ./dataset/pmotorcortex/pmotorcortex_mouse/downsampled_1000genes_4028181_1741814409_validate_data.npy
Deleted: ./dataset/pmotorcortex/pmotorcortex_mouse/downsampled_1000genes_4028181_1741814409_test_data.npy
Cleanup complete.

Simulation 1/1 score: 0.8863746095626348
Results saved: results/simulation/results_lda2.csv
Running simulation with: num_measurements=200, num_modules=40, lda1=8.0, lda2=18.0000, sparsity=0.02, gene_set_size=1000
Running repeat 1/1...
Matched genes for 1000 set: 906
Downsampled dataset saved to ./dataset/pmotorcortex/pmotorcortex_mouse/downsampled_1000genes_392676_1741814409.h5ad
Train data shape: (5000, 906)
Validation data shape: (2500, 906)
Test data shape: (2500, 906)
Datasets saved in ./dataset/pmotorcortex/pmotorcortex_mouse with prefix 'downsampled_1000genes_392676_1741814409'
Loaded dataset: downsampled_1000genes_392676_1741814409
Train data shape: (906, 5000)
Validation data shape: (906, 2500)
Test data shape: (906, 2500)
0.1624352960971187 3.7730338068718656 nan 8.0 18.0
0.10804942659966155 6.77840980595629 nan 8.0 18.0
0.10875449424226014 6.458344463631927 nan 8.0 18.0
0.10929029224855091 6.183282360444515 nan 8.0 18.0
0.10950722135118973 6.148950678647393 nan 8.0 18.0
0.1094926927298926 5.9554937264964805 nan 8.0 18.0
0.1093935618323515 5.87756933002652 nan 8.0 18.0
0.10936090319776681 5.659566954814437 nan 8.0 18.0
0.10939200512194946 5.620916246415254 nan 8.0 18.0
0.10941959868848394 5.645261584200955 nan 8.0 18.0
0.10939528299089418 5.63497854842068 nan 8.0 18.0
0.10944017943854589 5.631357700036212 nan 8.0 18.0
0.10945357644467857 5.633634088261042 nan 8.0 18.0
0.10945146848506992 5.6290122216739436 nan 8.0 18.0
0.10944986737682783 5.624085560509092 nan 8.0 18.0
0.10944856461573926 5.620316442691072 nan 8.0 18.0
0.10944752253534096 5.617234850222785 nan 8.0 18.0
0.10944633575097895 5.614188484971617 nan 8.0 18.0
0.10944580246213709 5.612500098014764 nan 8.0 18.0
0.10944559691076039 5.612146101686822 nan 8.0 18.0
U dimensions = (906, 25)
Iteration 0 of 1
phi.shape: (200, 906)
U.shape: (906, 25)
phi.dot(U).T shape: (25, 200)

Cleaning up temporary files...
Deleted: ./dataset/pmotorcortex/pmotorcortex_mouse/downsampled_1000genes_392676_1741814409.h5ad
Deleted: ./dataset/pmotorcortex/pmotorcortex_mouse/downsampled_1000genes_392676_1741814409_train_data.npy
Deleted: ./dataset/pmotorcortex/pmotorcortex_mouse/downsampled_1000genes_392676_1741814409_validate_data.npy
Deleted: ./dataset/pmotorcortex/pmotorcortex_mouse/downsampled_1000genes_392676_1741814409_test_data.npy
Cleanup complete.

Simulation 1/1 score: 0.8510835202049712
Results saved: results/simulation/results_lda2.csv
Job ID 22 out of range. Exiting.
Running simulation with: num_measurements=200, num_modules=40, lda1=8.0, lda2=20.0000, sparsity=0.02, gene_set_size=1000
Running repeat 1/1...
Matched genes for 1000 set: 906
Downsampled dataset saved to ./dataset/pmotorcortex/pmotorcortex_mouse/downsampled_1000genes_4028479_1741814603.h5ad
Train data shape: (5000, 906)
Validation data shape: (2500, 906)
Test data shape: (2500, 906)
Datasets saved in ./dataset/pmotorcortex/pmotorcortex_mouse with prefix 'downsampled_1000genes_4028479_1741814603'
Loaded dataset: downsampled_1000genes_4028479_1741814603
Train data shape: (906, 5000)
Validation data shape: (906, 2500)
Test data shape: (906, 2500)
0.17497392925429 3.8972171368206423 nan 8.0 20.0
0.11861346924233429 6.600126829004455 nan 8.0 20.0
0.11992660539127231 6.255804892439038 nan 8.0 20.0
0.11963553359756296 6.125120277933842 nan 8.0 20.0
0.11971187322553001 6.063045678241687 nan 8.0 20.0
0.12005314216727037 6.111207232741793 nan 8.0 20.0
0.12076376156633928 6.0893054111135445 nan 8.0 20.0
0.12170910053076023 6.0376951976566735 nan 8.0 20.0
0.12222872542120122 5.944742462535063 nan 8.0 20.0
0.12257395044087338 5.896741110679025 nan 8.0 20.0
0.12262653211549324 5.821536729340079 nan 8.0 20.0
0.1226865877472001 5.823978651277544 nan 8.0 20.0
0.12288343649234368 5.801791412133226 nan 8.0 20.0
0.12296446891346968 5.787905565600628 nan 8.0 20.0
0.12290232306969562 5.792021045134758 nan 8.0 20.0
0.12274571497542319 5.79343980211666 nan 8.0 20.0
0.12256498487881085 5.789521619806683 nan 8.0 20.0
0.12254589323848986 5.787765386562874 nan 8.0 20.0
0.12250725297595988 5.781614993658867 nan 8.0 20.0
0.12225442469417969 5.746177524644232 nan 8.0 20.0
U dimensions = (906, 29)
Iteration 0 of 1
phi.shape: (200, 906)
U.shape: (906, 29)
phi.dot(U).T shape: (29, 200)

Cleaning up temporary files...
Deleted: ./dataset/pmotorcortex/pmotorcortex_mouse/downsampled_1000genes_4028479_1741814603.h5ad
Deleted: ./dataset/pmotorcortex/pmotorcortex_mouse/downsampled_1000genes_4028479_1741814603_train_data.npy
Deleted: ./dataset/pmotorcortex/pmotorcortex_mouse/downsampled_1000genes_4028479_1741814603_validate_data.npy
Deleted: ./dataset/pmotorcortex/pmotorcortex_mouse/downsampled_1000genes_4028479_1741814603_test_data.npy
Cleanup complete.

Simulation 1/1 score: 0.86865433157416
Results saved: results/simulation/results_lda2.csv
